<?xml version="1.0" encoding="UTF-8"?>
<coverage generated="1728325458652" clover="3.2.0">
  <project timestamp="1728325458652" name="All files">
    <metrics statements="56" coveredstatements="52" conditionals="14" coveredconditionals="13" methods="15" coveredmethods="14" elements="85" coveredelements="79" complexity="0" loc="56" ncloc="56" packages="1" files="2" classes="2"/>
    <file name="login.js" path="C:\Users\55819\Documents\FACULDADES\UNIT\2024.2\Disciplinas\Teste de Software\Aula 11\diario-pessoal-app\public\js\login.js">
      <metrics statements="18" coveredstatements="17" conditionals="2" coveredconditionals="2" methods="5" coveredmethods="5"/>
      <line num="3" count="4" type="stmt"/>
      <line num="11" count="2" type="stmt"/>
      <line num="12" count="2" type="stmt"/>
      <line num="13" count="2" type="stmt"/>
      <line num="14" count="2" type="stmt"/>
      <line num="15" count="2" type="stmt"/>
      <line num="17" count="2" type="stmt"/>
      <line num="18" count="2" type="stmt"/>
      <line num="19" count="2" type="cond" truecount="2" falsecount="0"/>
      <line num="20" count="1" type="stmt"/>
      <line num="21" count="1" type="stmt"/>
      <line num="23" count="1" type="stmt"/>
      <line num="24" count="1" type="stmt"/>
      <line num="27" count="0" type="stmt"/>
      <line num="33" count="1" type="stmt"/>
      <line num="34" count="1" type="stmt"/>
      <line num="38" count="1" type="stmt"/>
      <line num="39" count="1" type="stmt"/>
    </file>
    <file name="thought.js" path="C:\Users\55819\Documents\FACULDADES\UNIT\2024.2\Disciplinas\Teste de Software\Aula 11\diario-pessoal-app\public\js\thought.js">
      <metrics statements="38" coveredstatements="35" conditionals="12" coveredconditionals="11" methods="10" coveredmethods="9"/>
      <line num="3" count="3" type="cond" truecount="2" falsecount="0"/>
      <line num="5" count="2" type="stmt"/>
      <line num="11" count="2" type="cond" truecount="2" falsecount="0"/>
      <line num="12" count="1" type="stmt"/>
      <line num="15" count="1" type="stmt"/>
      <line num="19" count="3" type="stmt"/>
      <line num="20" count="3" type="stmt"/>
      <line num="22" count="2" type="cond" truecount="2" falsecount="0"/>
      <line num="23" count="1" type="stmt"/>
      <line num="26" count="1" type="stmt"/>
      <line num="27" count="1" type="stmt"/>
      <line num="29" count="1" type="stmt"/>
      <line num="34" count="1" type="stmt"/>
      <line num="35" count="1" type="stmt"/>
      <line num="36" count="1" type="stmt"/>
      <line num="40" count="1" type="stmt"/>
      <line num="41" count="1" type="stmt"/>
      <line num="43" count="1" type="stmt"/>
      <line num="44" count="1" type="stmt"/>
      <line num="45" count="1" type="stmt"/>
      <line num="48" count="1" type="stmt"/>
      <line num="52" count="1" type="stmt"/>
      <line num="53" count="1" type="cond" truecount="1" falsecount="1"/>
      <line num="55" count="1" type="stmt"/>
      <line num="56" count="1" type="stmt"/>
      <line num="61" count="1" type="stmt"/>
      <line num="64" count="1" type="stmt"/>
      <line num="65" count="3" type="stmt"/>
      <line num="66" count="2" type="stmt"/>
      <line num="67" count="2" type="cond" truecount="4" falsecount="0"/>
      <line num="68" count="1" type="stmt"/>
      <line num="70" count="1" type="stmt"/>
      <line num="74" count="1" type="stmt"/>
      <line num="75" count="1" type="stmt"/>
      <line num="76" count="1" type="stmt"/>
      <line num="77" count="0" type="stmt"/>
      <line num="78" count="0" type="stmt"/>
      <line num="79" count="0" type="stmt"/>
    </file>
  </project>
</coverage>
