{"C:\\Users\\55819\\Documents\\FACULDADES\\UNIT\\2024.2\\Disciplinas\\Teste de Software\\Aula 11\\diario-pessoal-app\\public\\js\\login.js": {"path":"C:\\Users\\55819\\Documents\\FACULDADES\\UNIT\\2024.2\\Disciplinas\\Teste de Software\\Aula 11\\diario-pessoal-app\\public\\js\\login.js","statementMap":{"0":{"start":{"line":3,"column":2},"end":{"line":7,"column":5}},"1":{"start":{"line":11,"column":20},"end":{"line":11,"column":56}},"2":{"start":{"line":12,"column":2},"end":{"line":29,"column":5}},"3":{"start":{"line":13,"column":4},"end":{"line":13,"column":23}},"4":{"start":{"line":14,"column":21},"end":{"line":14,"column":62}},"5":{"start":{"line":15,"column":21},"end":{"line":15,"column":62}},"6":{"start":{"line":17,"column":4},"end":{"line":28,"column":5}},"7":{"start":{"line":18,"column":23},"end":{"line":18,"column":58}},"8":{"start":{"line":19,"column":6},"end":{"line":25,"column":7}},"9":{"start":{"line":20,"column":21},"end":{"line":20,"column":42}},"10":{"start":{"line":21,"column":8},"end":{"line":21,"column":50}},"11":{"start":{"line":23,"column":21},"end":{"line":23,"column":42}},"12":{"start":{"line":24,"column":8},"end":{"line":24,"column":32}},"13":{"start":{"line":27,"column":6},"end":{"line":27,"column":63}},"14":{"start":{"line":33,"column":2},"end":{"line":33,"column":55}},"15":{"start":{"line":34,"column":2},"end":{"line":34,"column":53}},"16":{"start":{"line":38,"column":2},"end":{"line":38,"column":62}},"17":{"start":{"line":39,"column":2},"end":{"line":39,"column":17}}},"fnMap":{"0":{"name":"loginUser","decl":{"start":{"line":2,"column":22},"end":{"line":2,"column":31}},"loc":{"start":{"line":2,"column":52},"end":{"line":8,"column":1}},"line":2},"1":{"name":"setupLoginForm","decl":{"start":{"line":10,"column":16},"end":{"line":10,"column":30}},"loc":{"start":{"line":10,"column":33},"end":{"line":30,"column":1}},"line":10},"2":{"name":"(anonymous_2)","decl":{"start":{"line":12,"column":39},"end":{"line":12,"column":40}},"loc":{"start":{"line":12,"column":52},"end":{"line":29,"column":3}},"line":12},"3":{"name":"redirectToDiaryPage","decl":{"start":{"line":32,"column":9},"end":{"line":32,"column":28}},"loc":{"start":{"line":32,"column":39},"end":{"line":35,"column":1}},"line":32},"4":{"name":"showError","decl":{"start":{"line":37,"column":9},"end":{"line":37,"column":18}},"loc":{"start":{"line":37,"column":28},"end":{"line":40,"column":1}},"line":37}},"branchMap":{"0":{"loc":{"start":{"line":19,"column":6},"end":{"line":25,"column":7}},"type":"if","locations":[{"start":{"line":19,"column":6},"end":{"line":25,"column":7}},{"start":{"line":22,"column":13},"end":{"line":25,"column":7}}],"line":19}},"s":{"0":4,"1":2,"2":2,"3":2,"4":2,"5":2,"6":2,"7":2,"8":2,"9":1,"10":1,"11":1,"12":1,"13":0,"14":1,"15":1,"16":1,"17":1},"f":{"0":4,"1":2,"2":2,"3":1,"4":1},"b":{"0":[1,1]},"_coverageSchema":"1a1c01bbd47fc00a2c39e90264f33305004495a9","hash":"f066cc2ff079c9d125aa0df14e96d419a15ad3c9"}
}
