{"C:\\Users\\55819\\Documents\\FACULDADES\\UNIT\\2024.2\\Disciplinas\\Teste de Software\\Aula 11\\diario-pessoal-app\\public\\js\\login.js": {"path":"C:\\Users\\55819\\Documents\\FACULDADES\\UNIT\\2024.2\\Disciplinas\\Teste de Software\\Aula 11\\diario-pessoal-app\\public\\js\\login.js","statementMap":{"0":{"start":{"line":3,"column":2},"end":{"line":7,"column":5}},"1":{"start":{"line":11,"column":20},"end":{"line":11,"column":56}},"2":{"start":{"line":12,"column":2},"end":{"line":29,"column":5}},"3":{"start":{"line":13,"column":4},"end":{"line":13,"column":23}},"4":{"start":{"line":14,"column":21},"end":{"line":14,"column":62}},"5":{"start":{"line":15,"column":21},"end":{"line":15,"column":62}},"6":{"start":{"line":17,"column":4},"end":{"line":28,"column":5}},"7":{"start":{"line":18,"column":23},"end":{"line":18,"column":58}},"8":{"start":{"line":19,"column":6},"end":{"line":25,"column":7}},"9":{"start":{"line":20,"column":21},"end":{"line":20,"column":42}},"10":{"start":{"line":21,"column":8},"end":{"line":21,"column":50}},"11":{"start":{"line":23,"column":21},"end":{"line":23,"column":42}},"12":{"start":{"line":24,"column":8},"end":{"line":24,"column":32}},"13":{"start":{"line":27,"column":6},"end":{"line":27,"column":63}},"14":{"start":{"line":33,"column":2},"end":{"line":33,"column":55}},"15":{"start":{"line":34,"column":2},"end":{"line":34,"column":53}},"16":{"start":{"line":38,"column":2},"end":{"line":38,"column":62}},"17":{"start":{"line":39,"column":2},"end":{"line":39,"column":17}}},"fnMap":{"0":{"name":"loginUser","decl":{"start":{"line":2,"column":22},"end":{"line":2,"column":31}},"loc":{"start":{"line":2,"column":52},"end":{"line":8,"column":1}},"line":2},"1":{"name":"setupLoginForm","decl":{"start":{"line":10,"column":16},"end":{"line":10,"column":30}},"loc":{"start":{"line":10,"column":33},"end":{"line":30,"column":1}},"line":10},"2":{"name":"(anonymous_2)","decl":{"start":{"line":12,"column":39},"end":{"line":12,"column":40}},"loc":{"start":{"line":12,"column":52},"end":{"line":29,"column":3}},"line":12},"3":{"name":"redirectToDiaryPage","decl":{"start":{"line":32,"column":9},"end":{"line":32,"column":28}},"loc":{"start":{"line":32,"column":39},"end":{"line":35,"column":1}},"line":32},"4":{"name":"showError","decl":{"start":{"line":37,"column":9},"end":{"line":37,"column":18}},"loc":{"start":{"line":37,"column":28},"end":{"line":40,"column":1}},"line":37}},"branchMap":{"0":{"loc":{"start":{"line":19,"column":6},"end":{"line":25,"column":7}},"type":"if","locations":[{"start":{"line":19,"column":6},"end":{"line":25,"column":7}},{"start":{"line":22,"column":13},"end":{"line":25,"column":7}}],"line":19}},"s":{"0":4,"1":2,"2":2,"3":2,"4":2,"5":2,"6":2,"7":2,"8":2,"9":1,"10":1,"11":1,"12":1,"13":0,"14":1,"15":1,"16":1,"17":1},"f":{"0":4,"1":2,"2":2,"3":1,"4":1},"b":{"0":[1,1]},"_coverageSchema":"1a1c01bbd47fc00a2c39e90264f33305004495a9","hash":"f066cc2ff079c9d125aa0df14e96d419a15ad3c9"}
,"C:\\Users\\55819\\Documents\\FACULDADES\\UNIT\\2024.2\\Disciplinas\\Teste de Software\\Aula 11\\diario-pessoal-app\\public\\js\\thought.js": {"path":"C:\\Users\\55819\\Documents\\FACULDADES\\UNIT\\2024.2\\Disciplinas\\Teste de Software\\Aula 11\\diario-pessoal-app\\public\\js\\thought.js","statementMap":{"0":{"start":{"line":3,"column":2},"end":{"line":3,"column":20}},"1":{"start":{"line":3,"column":13},"end":{"line":3,"column":20}},"2":{"start":{"line":5,"column":19},"end":{"line":9,"column":4}},"3":{"start":{"line":11,"column":2},"end":{"line":13,"column":3}},"4":{"start":{"line":12,"column":4},"end":{"line":12,"column":45}},"5":{"start":{"line":15,"column":2},"end":{"line":15,"column":46}},"6":{"start":{"line":19,"column":2},"end":{"line":30,"column":3}},"7":{"start":{"line":20,"column":21},"end":{"line":20,"column":45}},"8":{"start":{"line":22,"column":4},"end":{"line":24,"column":5}},"9":{"start":{"line":23,"column":6},"end":{"line":23,"column":18}},"10":{"start":{"line":26,"column":21},"end":{"line":26,"column":42}},"11":{"start":{"line":27,"column":4},"end":{"line":27,"column":20}},"12":{"start":{"line":29,"column":4},"end":{"line":29,"column":16}},"13":{"start":{"line":34,"column":2},"end":{"line":34,"column":39}},"14":{"start":{"line":35,"column":2},"end":{"line":35,"column":38}},"15":{"start":{"line":36,"column":2},"end":{"line":36,"column":41}},"16":{"start":{"line":40,"column":23},"end":{"line":40,"column":62}},"17":{"start":{"line":41,"column":2},"end":{"line":41,"column":30}},"18":{"start":{"line":43,"column":2},"end":{"line":46,"column":5}},"19":{"start":{"line":44,"column":24},"end":{"line":44,"column":50}},"20":{"start":{"line":45,"column":4},"end":{"line":45,"column":42}},"21":{"start":{"line":48,"column":2},"end":{"line":48,"column":21}},"22":{"start":{"line":52,"column":22},"end":{"line":52,"column":51}},"23":{"start":{"line":53,"column":20},"end":{"line":53,"column":45}},"24":{"start":{"line":55,"column":2},"end":{"line":55,"column":44}},"25":{"start":{"line":56,"column":2},"end":{"line":59,"column":6}},"26":{"start":{"line":61,"column":2},"end":{"line":61,"column":21}},"27":{"start":{"line":64,"column":29},"end":{"line":71,"column":1}},"28":{"start":{"line":65,"column":19},"end":{"line":65,"column":70}},"29":{"start":{"line":66,"column":15},"end":{"line":66,"column":36}},"30":{"start":{"line":67,"column":2},"end":{"line":69,"column":3}},"31":{"start":{"line":68,"column":4},"end":{"line":68,"column":46}},"32":{"start":{"line":70,"column":2},"end":{"line":70,"column":37}},"33":{"start":{"line":74,"column":22},"end":{"line":74,"column":63}},"34":{"start":{"line":75,"column":2},"end":{"line":81,"column":5}},"35":{"start":{"line":76,"column":4},"end":{"line":80,"column":7}},"36":{"start":{"line":77,"column":24},"end":{"line":77,"column":56}},"37":{"start":{"line":78,"column":6},"end":{"line":78,"column":37}},"38":{"start":{"line":79,"column":6},"end":{"line":79,"column":21}}},"fnMap":{"0":{"name":"postThought","decl":{"start":{"line":2,"column":22},"end":{"line":2,"column":33}},"loc":{"start":{"line":2,"column":50},"end":{"line":16,"column":1}},"line":2},"1":{"name":"loadThoughts","decl":{"start":{"line":18,"column":22},"end":{"line":18,"column":34}},"loc":{"start":{"line":18,"column":37},"end":{"line":31,"column":1}},"line":18},"2":{"name":"logout","decl":{"start":{"line":33,"column":16},"end":{"line":33,"column":22}},"loc":{"start":{"line":33,"column":25},"end":{"line":37,"column":1}},"line":33},"3":{"name":"renderThoughtsList","decl":{"start":{"line":39,"column":16},"end":{"line":39,"column":34}},"loc":{"start":{"line":39,"column":45},"end":{"line":49,"column":1}},"line":39},"4":{"name":"(anonymous_4)","decl":{"start":{"line":43,"column":19},"end":{"line":43,"column":20}},"loc":{"start":{"line":43,"column":32},"end":{"line":46,"column":3}},"line":43},"5":{"name":"createThoughtItem","decl":{"start":{"line":51,"column":9},"end":{"line":51,"column":26}},"loc":{"start":{"line":51,"column":36},"end":{"line":62,"column":1}},"line":51},"6":{"name":"(anonymous_6)","decl":{"start":{"line":64,"column":29},"end":{"line":64,"column":30}},"loc":{"start":{"line":64,"column":43},"end":{"line":71,"column":1}},"line":64},"7":{"name":"setupDeleteIcons","decl":{"start":{"line":73,"column":9},"end":{"line":73,"column":25}},"loc":{"start":{"line":73,"column":28},"end":{"line":82,"column":1}},"line":73},"8":{"name":"(anonymous_8)","decl":{"start":{"line":75,"column":22},"end":{"line":75,"column":23}},"loc":{"start":{"line":75,"column":32},"end":{"line":81,"column":3}},"line":75},"9":{"name":"(anonymous_9)","decl":{"start":{"line":76,"column":35},"end":{"line":76,"column":36}},"loc":{"start":{"line":76,"column":48},"end":{"line":80,"column":5}},"line":76}},"branchMap":{"0":{"loc":{"start":{"line":3,"column":2},"end":{"line":3,"column":20}},"type":"if","locations":[{"start":{"line":3,"column":2},"end":{"line":3,"column":20}},{"start":{},"end":{}}],"line":3},"1":{"loc":{"start":{"line":11,"column":2},"end":{"line":13,"column":3}},"type":"if","locations":[{"start":{"line":11,"column":2},"end":{"line":13,"column":3}},{"start":{},"end":{}}],"line":11},"2":{"loc":{"start":{"line":22,"column":4},"end":{"line":24,"column":5}},"type":"if","locations":[{"start":{"line":22,"column":4},"end":{"line":24,"column":5}},{"start":{},"end":{}}],"line":22},"3":{"loc":{"start":{"line":53,"column":20},"end":{"line":53,"column":45}},"type":"binary-expr","locations":[{"start":{"line":53,"column":20},"end":{"line":53,"column":30}},{"start":{"line":53,"column":34},"end":{"line":53,"column":45}}],"line":53},"4":{"loc":{"start":{"line":67,"column":2},"end":{"line":69,"column":3}},"type":"if","locations":[{"start":{"line":67,"column":2},"end":{"line":69,"column":3}},{"start":{},"end":{}}],"line":67},"5":{"loc":{"start":{"line":67,"column":6},"end":{"line":67,"column":33}},"type":"binary-expr","locations":[{"start":{"line":67,"column":6},"end":{"line":67,"column":17}},{"start":{"line":67,"column":21},"end":{"line":67,"column":33}}],"line":67}},"s":{"0":3,"1":1,"2":2,"3":2,"4":1,"5":1,"6":3,"7":3,"8":2,"9":1,"10":1,"11":1,"12":1,"13":1,"14":1,"15":1,"16":1,"17":1,"18":1,"19":1,"20":1,"21":1,"22":1,"23":1,"24":1,"25":1,"26":1,"27":1,"28":3,"29":2,"30":2,"31":1,"32":1,"33":1,"34":1,"35":1,"36":0,"37":0,"38":0},"f":{"0":3,"1":3,"2":1,"3":1,"4":1,"5":1,"6":3,"7":1,"8":1,"9":0},"b":{"0":[1,2],"1":[1,1],"2":[1,1],"3":[1,0],"4":[1,1],"5":[2,1]},"_coverageSchema":"1a1c01bbd47fc00a2c39e90264f33305004495a9","hash":"a05f5b74e43628094b594add955acbf6877ef406"}
,"C:\\Users\\55819\\Documents\\FACULDADES\\UNIT\\2024.2\\Disciplinas\\Teste de Software\\Aula 11\\diario-pessoal-app\\public\\js\\utils.js": {"path":"C:\\Users\\55819\\Documents\\FACULDADES\\UNIT\\2024.2\\Disciplinas\\Teste de Software\\Aula 11\\diario-pessoal-app\\public\\js\\utils.js","statementMap":{"0":{"start":{"line":3,"column":20},"end":{"line":3,"column":63}},"1":{"start":{"line":4,"column":2},"end":{"line":4,"column":35}},"2":{"start":{"line":8,"column":2},"end":{"line":10,"column":43}}},"fnMap":{"0":{"name":"getUsernameFromURL","decl":{"start":{"line":2,"column":16},"end":{"line":2,"column":34}},"loc":{"start":{"line":2,"column":37},"end":{"line":5,"column":1}},"line":2},"1":{"name":"displayUsername","decl":{"start":{"line":7,"column":16},"end":{"line":7,"column":31}},"loc":{"start":{"line":7,"column":42},"end":{"line":11,"column":1}},"line":7}},"branchMap":{},"s":{"0":2,"1":2,"2":1},"f":{"0":2,"1":1},"b":{},"_coverageSchema":"1a1c01bbd47fc00a2c39e90264f33305004495a9","hash":"def53f8aced926bd1a6c7df691b498cbf48f3c02"}
}
