TN:
SF:public\js\login.js
FN:2,loginUser
FN:10,setupLoginForm
FN:12,(anonymous_2)
FN:32,redirectToDiaryPage
FN:37,showError
FNF:5
FNH:5
FNDA:4,loginUser
FNDA:2,setupLoginForm
FNDA:2,(anonymous_2)
FNDA:1,redirectToDiaryPage
FNDA:1,showError
DA:3,4
DA:11,2
DA:12,2
DA:13,2
DA:14,2
DA:15,2
DA:17,2
DA:18,2
DA:19,2
DA:20,1
DA:21,1
DA:23,1
DA:24,1
DA:27,0
DA:33,1
DA:34,1
DA:38,1
DA:39,1
LF:18
LH:17
BRDA:19,0,0,1
BRDA:19,0,1,1
BRF:2
BRH:2
end_of_record
TN:
SF:public\js\thought.js
FN:2,postThought
FN:18,loadThoughts
FN:33,logout
FN:39,renderThoughtsList
FN:43,(anonymous_4)
FN:51,createThoughtItem
FN:64,(anonymous_6)
FN:73,setupDeleteIcons
FN:75,(anonymous_8)
FN:76,(anonymous_9)
FNF:10
FNH:9
FNDA:3,postThought
FNDA:3,loadThoughts
FNDA:1,logout
FNDA:1,renderThoughtsList
FNDA:1,(anonymous_4)
FNDA:1,createThoughtItem
FNDA:3,(anonymous_6)
FNDA:1,setupDeleteIcons
FNDA:1,(anonymous_8)
FNDA:0,(anonymous_9)
DA:3,3
DA:5,2
DA:11,2
DA:12,1
DA:15,1
DA:19,3
DA:20,3
DA:22,2
DA:23,1
DA:26,1
DA:27,1
DA:29,1
DA:34,1
DA:35,1
DA:36,1
DA:40,1
DA:41,1
DA:43,1
DA:44,1
DA:45,1
DA:48,1
DA:52,1
DA:53,1
DA:55,1
DA:56,1
DA:61,1
DA:64,1
DA:65,3
DA:66,2
DA:67,2
DA:68,1
DA:70,1
DA:74,1
DA:75,1
DA:76,1
DA:77,0
DA:78,0
DA:79,0
LF:38
LH:35
BRDA:3,0,0,1
BRDA:3,0,1,2
BRDA:11,1,0,1
BRDA:11,1,1,1
BRDA:22,2,0,1
BRDA:22,2,1,1
BRDA:53,3,0,1
BRDA:53,3,1,0
BRDA:67,4,0,1
BRDA:67,4,1,1
BRDA:67,5,0,2
BRDA:67,5,1,1
BRF:12
BRH:11
end_of_record
